#
# There is insufficient memory for the Java Runtime Environment to continue.
# Native memory allocation (malloc) failed to allocate 1048576 bytes for AllocateHeap
# Possible reasons:
#   The system is out of physical RAM or swap space
#   The process is running with CompressedOops enabled, and the Java Heap may be blocking the growth of the native heap
# Possible solutions:
#   Reduce memory load on the system
#   Increase physical memory or swap space
#   Check if swap backing store is full
#   Decrease Java heap size (-Xmx/-Xms)
#   Decrease number of Java threads
#   Decrease Java thread stack sizes (-Xss)
#   Set larger code cache with -XX:ReservedCodeCacheSize=
# This output file may be truncated or incomplete.
#
#  Out of Memory Error (./src/hotspot/share/memory/allocation.cpp:46), pid=14188, tid=24004
#
# JRE version:  (11.0.13) (build )
# Java VM: OpenJDK 64-Bit Server VM (11.0.13+0-b1751.21-8125866, mixed mode, sharing, tiered, compressed oops, g1 gc, windows-amd64)
# No core dump will be written. Minidumps are not enabled by default on client versions of Windows
#

---------------  S U M M A R Y ------------

Command Line: 

Host: 11th Gen Intel(R) Core(TM) i7-1165G7 @ 2.80GHz, 8 cores, 7G,  Windows 10 , 64 bit Build 19041 (10.0.19041.2364)
Time: Thu Jan 12 19:17:27 2023 South Africa Standard Time elapsed time: 0.060818 seconds (0d 0h 0m 0s)

---------------  T H R E A D  ---------------

Current thread (0x0000029e63aaa800):  JavaThread "Unknown thread" [_thread_in_vm, id=24004, stack(0x000000d288500000,0x000000d288600000)]

Stack: [0x000000d288500000,0x000000d288600000]
Native frames: (J=compiled Java code, j=interpreted, Vv=VM code, C=native code)
V  [jvm.dll+0x6100fa]
V  [jvm.dll+0x747090]
V  [jvm.dll+0x7486ad]
V  [jvm.dll+0x748d83]
V  [jvm.dll+0x24ab48]
V  [jvm.dll+0xb7984]
V  [jvm.dll+0x2eb537]
V  [jvm.dll+0x2e45ba]
V  [jvm.dll+0x7242e7]
V  [jvm.dll+0x725adc]
V  [jvm.dll+0x364629]
V  [jvm.dll+0x707cee]
V  [jvm.dll+0x3d2633]
V  [jvm.dll+0x3d4a21]
C  [jli.dll+0x536b]
C  [ucrtbase.dll+0x21bb2]
C  [KERNEL32.DLL+0x17614]
C  [ntdll.dll+0x526a1]


---------------  P R O C E S S  ---------------

Threads class SMR info:
_java_thread_list=0x0000029e6180e410, length=0, elements={
}

Java Threads: ( => current thread )

Other Threads:
  0x0000029e63ac4000 GCTaskThread "GC Thread#0" [stack: 0x000000d288600000,0x000000d288700000] [id=15304]

[error occurred during error reporting (printing all threads), id 0xc0000005, EXCEPTION_ACCESS_VIOLATION (0xc0000005) at pc=0x00007fff49930b90]

VM state:not at safepoint (not fully initialized)

VM Mutex/Monitor currently owned by a thread:  ([mutex/lock_event])
[0x0000029e63aa7900] Heap_lock - owner thread: 0x0000029e63aaa800

Heap address: 0x0000000083600000, size: 1994 MB, Compressed Oops mode: Non-zero based: 0x0000000083600000
Narrow klass base: 0x0000000000000000, Narrow klass shift: 0

GC Heap History (0 events):
No events

Deoptimization events (0 events):
No events

Classes redefined (0 events):
No events

Internal exceptions (0 events):
No events

Events (1 events):
Event: 0.038 Loaded shared library C:\Program Files\Android\Android Studio\jre\bin\zip.dll


Dynamic libraries:
0x00007ff798890000 - 0x00007ff79889a000 	C:\Program Files\Android\Android Studio\jre\bin\java.EXE
0x00007fffd2870000 - 0x00007fffd2a68000 	C:\Windows\SYSTEM32\ntdll.dll
0x00007fffd15c0000 - 0x00007fffd167f000 	C:\Windows\System32\KERNEL32.DLL
0x00007fffd00c0000 - 0x00007fffd0392000 	C:\Windows\System32\KERNELBASE.dll
0x00007fffcc940000 - 0x00007fffcc9d1000 	C:\Windows\SYSTEM32\apphelp.dll
0x00007fffcff30000 - 0x00007fffd0030000 	C:\Windows\System32\ucrtbase.dll
0x00007fffc8500000 - 0x00007fffc8519000 	C:\Program Files\Android\Android Studio\jre\bin\jli.dll
0x00007fff90700000 - 0x00007fff90717000 	C:\Program Files\Android\Android Studio\jre\bin\VCRUNTIME140.dll
0x00007fffd0d10000 - 0x00007fffd0eb1000 	C:\Windows\System32\USER32.dll
0x00007fffbd000000 - 0x00007fffbd29a000 	C:\Windows\WinSxS\amd64_microsoft.windows.common-controls_6595b64144ccf1df_6.0.19041.1110_none_60b5254171f9507e\COMCTL32.dll
0x00007fffd0850000 - 0x00007fffd0872000 	C:\Windows\System32\win32u.dll
0x00007fffd1590000 - 0x00007fffd15bb000 	C:\Windows\System32\GDI32.dll
0x00007fffd0490000 - 0x00007fffd059f000 	C:\Windows\System32\gdi32full.dll
0x00007fffd03f0000 - 0x00007fffd048d000 	C:\Windows\System32\msvcp_win.dll
0x00007fffd1760000 - 0x00007fffd17fe000 	C:\Windows\System32\msvcrt.dll
0x00007fffd0aa0000 - 0x00007fffd0ad2000 	C:\Windows\System32\IMM32.DLL
0x00007fff90660000 - 0x00007fff906fd000 	C:\Program Files\Android\Android Studio\jre\bin\msvcp140.dll
0x00007fff49640000 - 0x00007fff4a142000 	C:\Program Files\Android\Android Studio\jre\bin\server\jvm.dll
0x00007fffd2590000 - 0x00007fffd263e000 	C:\Windows\System32\ADVAPI32.dll
0x00007fffd0b40000 - 0x00007fffd0bdc000 	C:\Windows\System32\sechost.dll
0x00007fffd0be0000 - 0x00007fffd0d05000 	C:\Windows\System32\RPCRT4.dll
0x00007fffd1440000 - 0x00007fffd1448000 	C:\Windows\System32\PSAPI.DLL
0x00007fffc78e0000 - 0x00007fffc78ea000 	C:\Windows\SYSTEM32\VERSION.dll
0x00007fffcd0d0000 - 0x00007fffcd0f7000 	C:\Windows\SYSTEM32\WINMM.dll
0x00007fffcc240000 - 0x00007fffcc249000 	C:\Windows\SYSTEM32\WSOCK32.dll
0x00007fffd1690000 - 0x00007fffd16fb000 	C:\Windows\System32\WS2_32.dll
0x00007fffce780000 - 0x00007fffce792000 	C:\Windows\SYSTEM32\kernel.appcore.dll
0x00007fff90640000 - 0x00007fff90651000 	C:\Program Files\Android\Android Studio\jre\bin\verify.dll
0x00007fffcdcc0000 - 0x00007fffcdea4000 	C:\Windows\SYSTEM32\DBGHELP.DLL
0x00007fffcd090000 - 0x00007fffcd0c5000 	C:\Windows\SYSTEM32\dbgcore.DLL
0x00007fffd0030000 - 0x00007fffd00b2000 	C:\Windows\System32\bcryptPrimitives.dll
0x00007fff685a0000 - 0x00007fff685c9000 	C:\Program Files\Android\Android Studio\jre\bin\java.dll
0x00007fffadd40000 - 0x00007fffadd4b000 	C:\Program Files\Android\Android Studio\jre\bin\jimage.dll
0x00007fff90620000 - 0x00007fff90638000 	C:\Program Files\Android\Android Studio\jre\bin\zip.dll

dbghelp: loaded successfully - version: 4.0.5 - missing functions: none
symbol engine: initialized successfully - sym options: 0x614 - pdb path: .;C:\Program Files\Android\Android Studio\jre\bin;C:\Windows\SYSTEM32;C:\Windows\WinSxS\amd64_microsoft.windows.common-controls_6595b64144ccf1df_6.0.19041.1110_none_60b5254171f9507e;C:\Program Files\Android\Android Studio\jre\bin\server

VM Arguments:
java_command: <unknown>
java_class_path (initial): <not set>
Launcher Type: SUN_STANDARD

[Global flags]
     intx CICompilerCount                          = 4                                         {product} {ergonomic}
     uint ConcGCThreads                            = 2                                         {product} {ergonomic}
     uint G1ConcRefinementThreads                  = 8                                         {product} {ergonomic}
   size_t G1HeapRegionSize                         = 1048576                                   {product} {ergonomic}
    uintx GCDrainStackTargetSize                   = 64                                        {product} {ergonomic}
   size_t InitialHeapSize                          = 132120576                                 {product} {ergonomic}
   size_t MarkStackSize                            = 4194304                                   {product} {ergonomic}
   size_t MaxHeapSize                              = 2090860544                                {product} {ergonomic}
   size_t MinHeapDeltaBytes                        = 1048576                                   {product} {ergonomic}
    uintx NonNMethodCodeHeapSize                   = 5836300                                {pd product} {ergonomic}
    uintx NonProfiledCodeHeapSize                  = 122910970                              {pd product} {ergonomic}
    uintx ProfiledCodeHeapSize                     = 122910970                              {pd product} {ergonomic}
    uintx ReservedCodeCacheSize                    = 251658240                              {pd product} {ergonomic}
     bool SegmentedCodeCache                       = true                                      {product} {ergonomic}
     bool UseCompressedClassPointers               = true                                 {lp64_product} {ergonomic}
     bool UseCompressedOops                        = true                                 {lp64_product} {ergonomic}
     bool UseG1GC                                  = true                                      {product} {ergonomic}
     bool UseLargePagesIndividualAllocation        = false                                  {pd product} {ergonomic}

Logging:
Log output configuration:
 #0: stdout all=warning uptime,level,tags
 #1: stderr all=off uptime,level,tags

Environment Variables:
PATH=C:\Windows\system32;C:\Windows;C:\Windows\System32\Wbem;C:\Windows\System32\WindowsPowerShell\v1.0\;C:\Windows\System32\OpenSSH\;C:\Program Files (x86)\Kaspersky Lab\Kaspersky Endpoint Security for Windows\;C:\Program Files\Git\cmd;C:\ProgramData\chocolatey\bin;C:\Program Files\nodejs\;C:\Users\PC\AppData\Local\Microsoft\WindowsApps;C:\Users\PC\Downloads\flutter_windows_3.3.8-stable\flutter\bin;C:\Users\PC\AppData\Local\Programs\Microsoft VS Code\bin;C:\Users\PC\AppData\Roaming\npm;C:\Users\PC\Downloads\flutter_windows_3.3.8-stable\flutter\bin\mingit\cmd
USERNAME=PC
OS=Windows_NT
PROCESSOR_IDENTIFIER=Intel64 Family 6 Model 140 Stepping 1, GenuineIntel



---------------  S Y S T E M  ---------------

OS: Windows 10 , 64 bit Build 19041 (10.0.19041.2364)
OS uptime: 1 days 11:08 hours

CPU:total 8 (initial active 8) (4 cores per cpu, 2 threads per core) family 6 model 140 stepping 1 microcode 0x9a, cmov, cx8, fxsr, mmx, sse, sse2, sse3, ssse3, sse4.1, sse4.2, popcnt, avx, avx2, aes, clmul, erms, 3dnowpref, lzcnt, ht, tsc, tscinvbit, bmi1, bmi2, adx, evex, sha, fma

Memory: 4k page, system-wide physical 7975M (58M free)
TotalPageFile size 32551M (AvailPageFile size 0M)
current process WorkingSet (physical memory assigned to process): 10M, peak: 10M
current process commit charge ("private bytes"): 55M, peak: 56M

vm_info: OpenJDK 64-Bit Server VM (11.0.13+0-b1751.21-8125866) for windows-amd64 JRE (11.0.13+0-b1751.21-8125866), built on Feb  2 2022 03:00:22 by "builder" with MS VC++ 14.0 (VS2015)

END.
