#
# There is insufficient memory for the Java Runtime Environment to continue.
# Native memory allocation (malloc) failed to allocate 1997776 bytes for Chunk::new
# Possible reasons:
#   The system is out of physical RAM or swap space
#   The process is running with CompressedOops enabled, and the Java Heap may be blocking the growth of the native heap
# Possible solutions:
#   Reduce memory load on the system
#   Increase physical memory or swap space
#   Check if swap backing store is full
#   Decrease Java heap size (-Xmx/-Xms)
#   Decrease number of Java threads
#   Decrease Java thread stack sizes (-Xss)
#   Set larger code cache with -XX:ReservedCodeCacheSize=
#   JVM is running with Unscaled Compressed Oops mode in which the Java heap is
#     placed in the first 4GB address space. The Java Heap base address is the
#     maximum limit for the native heap growth. Please use -XX:HeapBaseMinAddress
#     to set the Java Heap base and to place the Java Heap above 4GB virtual address.
# This output file may be truncated or incomplete.
#
#  Out of Memory Error (./src/hotspot/share/memory/arena.cpp:197), pid=19808, tid=27396
#
# JRE version: OpenJDK Runtime Environment (11.0.13) (build 11.0.13+0-b1751.21-8125866)
# Java VM: OpenJDK 64-Bit Server VM (11.0.13+0-b1751.21-8125866, mixed mode, tiered, compressed oops, g1 gc, windows-amd64)
# No core dump will be written. Minidumps are not enabled by default on client versions of Windows
#

---------------  S U M M A R Y ------------

Command Line: -Dorg.gradle.appname=gradlew org.gradle.wrapper.GradleWrapperMain -q -Ptarget-platform=android-arm64 -Ptarget=C:\Users\PC\Desktop\NPD-Traffic-Count-MobileApp\lib\main.dart -Pbase-application-name=android.app.Application -Pdart-defines=RkxVVFRFUl9XRUJfQVVUT19ERVRFQ1Q9dHJ1ZQ== -Pdart-obfuscation=false -Ptrack-widget-creation=true -Ptree-shake-icons=false -Pfilesystem-scheme=org-dartlang-root assembleDebug

Host: 11th Gen Intel(R) Core(TM) i7-1165G7 @ 2.80GHz, 8 cores, 7G,  Windows 10 , 64 bit Build 19041 (10.0.19041.2364)
Time: Thu Jan 12 19:29:51 2023 South Africa Standard Time elapsed time: 14.954915 seconds (0d 0h 0m 14s)

---------------  T H R E A D  ---------------

Current thread (0x000002bc69d2e000):  JavaThread "C2 CompilerThread1" daemon [_thread_in_native, id=27396, stack(0x000000cc70600000,0x000000cc70700000)]


Current CompileTask:
C2:  14954 1481   !   4       java.util.jar.Attributes::read (390 bytes)

Stack: [0x000000cc70600000,0x000000cc70700000]
Native frames: (J=compiled Java code, j=interpreted, Vv=VM code, C=native code)
V  [jvm.dll+0x6100fa]
V  [jvm.dll+0x747090]
V  [jvm.dll+0x7486ad]
V  [jvm.dll+0x748d83]
V  [jvm.dll+0x24ab48]
V  [jvm.dll+0xc04dc]
V  [jvm.dll+0xc0a0c]
V  [jvm.dll+0x35eb5b]
V  [jvm.dll+0x32b833]
V  [jvm.dll+0x32ad2a]
V  [jvm.dll+0x2032b2]
V  [jvm.dll+0x202437]
V  [jvm.dll+0x188e01]
V  [jvm.dll+0x21106b]
V  [jvm.dll+0x20f8c1]
V  [jvm.dll+0x70de0f]
V  [jvm.dll+0x706a75]
V  [jvm.dll+0x60ed66]
C  [ucrtbase.dll+0x21bb2]
C  [KERNEL32.DLL+0x17614]
C  [ntdll.dll+0x526a1]


---------------  P R O C E S S  ---------------

Threads class SMR info:
_java_thread_list=0x000002bc69b24830, length=14, elements={
0x000002bc4df9e000, 0x000002bc68288800, 0x000002bc68294800, 0x000002bc682a6000,
0x000002bc682a9800, 0x000002bc682ac000, 0x000002bc682b0000, 0x000002bc68c02800,
0x000002bc68c0a000, 0x000002bc68d5d000, 0x000002bc68e85800, 0x000002bc69d2e000,
0x000002bc69b32800, 0x000002bc69279000
}

Java Threads: ( => current thread )
  0x000002bc4df9e000 JavaThread "main" [_thread_blocked, id=27496, stack(0x000000cc6ee00000,0x000000cc6ef00000)]
  0x000002bc68288800 JavaThread "Reference Handler" daemon [_thread_blocked, id=17252, stack(0x000000cc6f500000,0x000000cc6f600000)]
  0x000002bc68294800 JavaThread "Finalizer" daemon [_thread_blocked, id=8940, stack(0x000000cc6f600000,0x000000cc6f700000)]
  0x000002bc682a6000 JavaThread "Signal Dispatcher" daemon [_thread_blocked, id=20348, stack(0x000000cc6f700000,0x000000cc6f800000)]
  0x000002bc682a9800 JavaThread "Attach Listener" daemon [_thread_blocked, id=13156, stack(0x000000cc6f800000,0x000000cc6f900000)]
  0x000002bc682ac000 JavaThread "Service Thread" daemon [_thread_blocked, id=26372, stack(0x000000cc6f900000,0x000000cc6fa00000)]
  0x000002bc682b0000 JavaThread "C2 CompilerThread0" daemon [_thread_blocked, id=7016, stack(0x000000cc6fa00000,0x000000cc6fb00000)]
  0x000002bc68c02800 JavaThread "C1 CompilerThread0" daemon [_thread_blocked, id=22072, stack(0x000000cc6fb00000,0x000000cc6fc00000)]
  0x000002bc68c0a000 JavaThread "Sweeper thread" daemon [_thread_blocked, id=24516, stack(0x000000cc6fc00000,0x000000cc6fd00000)]
  0x000002bc68d5d000 JavaThread "Common-Cleaner" daemon [_thread_blocked, id=10984, stack(0x000000cc6fe00000,0x000000cc6ff00000)]
  0x000002bc68e85800 JavaThread "pool-1-thread-1" [_thread_blocked, id=22660, stack(0x000000cc6ff00000,0x000000cc70000000)]
=>0x000002bc69d2e000 JavaThread "C2 CompilerThread1" daemon [_thread_in_native, id=27396, stack(0x000000cc70600000,0x000000cc70700000)]
  0x000002bc69b32800 JavaThread "Exec process" [_thread_in_native, id=28380, stack(0x000000cc70700000,0x000000cc70800000)]
  0x000002bc69279000 JavaThread "Exec process Thread 2" [_thread_blocked, id=4196, stack(0x000000cc70900000,0x000000cc70a00000)]

Other Threads:
  0x000002bc68286000 VMThread "VM Thread" [stack: 0x000000cc6f400000,0x000000cc6f500000] [id=25432]
  0x000002bc68d52000 WatcherThread [stack: 0x000000cc6fd00000,0x000000cc6fe00000] [id=6564]
  0x000002bc4dfb4800 GCTaskThread "GC Thread#0" [stack: 0x000000cc6ef00000,0x000000cc6f000000] [id=23984]
  0x000002bc6977b000 GCTaskThread "GC Thread#1" [stack: 0x000000cc70000000,0x000000cc70100000] [id=14348]
  0x000002bc69a71800 GCTaskThread "GC Thread#2" [stack: 0x000000cc70100000,0x000000cc70200000] [id=22772]
  0x000002bc69a72800 GCTaskThread "GC Thread#3" [stack: 0x000000cc70200000,0x000000cc70300000] [id=1620]
  0x000002bc4dfe5800 ConcurrentGCThread "G1 Main Marker" [stack: 0x000000cc6f000000,0x000000cc6f100000] [id=27256]
  0x000002bc4dfe6800 ConcurrentGCThread "G1 Conc#0" [stack: 0x000000cc6f100000,0x000000cc6f200000] [id=27344]
  0x000002bc4e078800 ConcurrentGCThread "G1 Refine#0" [stack: 0x000000cc6f200000,0x000000cc6f300000] [id=24524]
  0x000002bc680d0800 ConcurrentGCThread "G1 Young RemSet Sampling" [stack: 0x000000cc6f300000,0x000000cc6f400000] [id=25564]

Threads with active compile tasks:
C2 CompilerThread1  14971 1481   !   4       java.util.jar.Attributes::read (390 bytes)

VM state:not at safepoint (normal execution)

VM Mutex/Monitor currently owned by a thread: None

Heap address: 0x0000000083600000, size: 1994 MB, Compressed Oops mode: 32-bit
Narrow klass base: 0x0000000000000000, Narrow klass shift: 3
Compressed class space size: 1073741824 Address: 0x0000000100000000

Heap:
 garbage-first heap   total 129024K, used 39175K [0x0000000083600000, 0x0000000100000000)
  region size 1024K, 34 young (34816K), 3 survivors (3072K)
 Metaspace       used 15824K, capacity 16143K, committed 16256K, reserved 1062912K
  class space    used 1763K, capacity 1875K, committed 1920K, reserved 1048576K
Heap Regions: E=young(eden), S=young(survivor), O=old, HS=humongous(starts), HC=humongous(continues), CS=collection set, F=free, A=archive, TAMS=top-at-mark-start (previous, next)
|   0|0x0000000083600000, 0x0000000083600000, 0x0000000083700000|  0%| F|  |TAMS 0x0000000083600000, 0x0000000083600000| Untracked 
|   1|0x0000000083700000, 0x0000000083700000, 0x0000000083800000|  0%| F|  |TAMS 0x0000000083700000, 0x0000000083700000| Untracked 
|   2|0x0000000083800000, 0x0000000083800000, 0x0000000083900000|  0%| F|  |TAMS 0x0000000083800000, 0x0000000083800000| Untracked 
|   3|0x0000000083900000, 0x0000000083a00000, 0x0000000083a00000|100%|HS|  |TAMS 0x0000000083900000, 0x0000000083900000| Complete 
|   4|0x0000000083a00000, 0x0000000083b00000, 0x0000000083b00000|100%|HC|  |TAMS 0x0000000083a00000, 0x0000000083a00000| Complete 
|   5|0x0000000083b00000, 0x0000000083c00000, 0x0000000083c00000|100%|HC|  |TAMS 0x0000000083b00000, 0x0000000083b00000| Complete 
|   6|0x0000000083c00000, 0x0000000083d00000, 0x0000000083d00000|100%| O|  |TAMS 0x0000000083c00000, 0x0000000083c00000| Untracked 
|   7|0x0000000083d00000, 0x0000000083e00000, 0x0000000083e00000|100%| O|  |TAMS 0x0000000083d00000, 0x0000000083d00000| Untracked 
|   8|0x0000000083e00000, 0x0000000083e41c00, 0x0000000083f00000| 25%| O|  |TAMS 0x0000000083e00000, 0x0000000083e00000| Untracked 
|   9|0x0000000083f00000, 0x0000000083f00000, 0x0000000084000000|  0%| F|  |TAMS 0x0000000083f00000, 0x0000000083f00000| Untracked 
|  10|0x0000000084000000, 0x0000000084000000, 0x0000000084100000|  0%| F|  |TAMS 0x0000000084000000, 0x0000000084000000| Untracked 
|  11|0x0000000084100000, 0x0000000084100000, 0x0000000084200000|  0%| F|  |TAMS 0x0000000084100000, 0x0000000084100000| Untracked 
|  12|0x0000000084200000, 0x0000000084200000, 0x0000000084300000|  0%| F|  |TAMS 0x0000000084200000, 0x0000000084200000| Untracked 
|  13|0x0000000084300000, 0x0000000084300000, 0x0000000084400000|  0%| F|  |TAMS 0x0000000084300000, 0x0000000084300000| Untracked 
|  14|0x0000000084400000, 0x0000000084400000, 0x0000000084500000|  0%| F|  |TAMS 0x0000000084400000, 0x0000000084400000| Untracked 
|  15|0x0000000084500000, 0x0000000084500000, 0x0000000084600000|  0%| F|  |TAMS 0x0000000084500000, 0x0000000084500000| Untracked 
|  16|0x0000000084600000, 0x0000000084600000, 0x0000000084700000|  0%| F|  |TAMS 0x0000000084600000, 0x0000000084600000| Untracked 
|  17|0x0000000084700000, 0x0000000084700000, 0x0000000084800000|  0%| F|  |TAMS 0x0000000084700000, 0x0000000084700000| Untracked 
|  18|0x0000000084800000, 0x0000000084800000, 0x0000000084900000|  0%| F|  |TAMS 0x0000000084800000, 0x0000000084800000| Untracked 
|  19|0x0000000084900000, 0x0000000084900000, 0x0000000084a00000|  0%| F|  |TAMS 0x0000000084900000, 0x0000000084900000| Untracked 
|  20|0x0000000084a00000, 0x0000000084a00000, 0x0000000084b00000|  0%| F|  |TAMS 0x0000000084a00000, 0x0000000084a00000| Untracked 
|  21|0x0000000084b00000, 0x0000000084b00000, 0x0000000084c00000|  0%| F|  |TAMS 0x0000000084b00000, 0x0000000084b00000| Untracked 
|  22|0x0000000084c00000, 0x0000000084c00000, 0x0000000084d00000|  0%| F|  |TAMS 0x0000000084c00000, 0x0000000084c00000| Untracked 
|  23|0x0000000084d00000, 0x0000000084d00000, 0x0000000084e00000|  0%| F|  |TAMS 0x0000000084d00000, 0x0000000084d00000| Untracked 
|  24|0x0000000084e00000, 0x0000000084e00000, 0x0000000084f00000|  0%| F|  |TAMS 0x0000000084e00000, 0x0000000084e00000| Untracked 
|  25|0x0000000084f00000, 0x0000000084f00000, 0x0000000085000000|  0%| F|  |TAMS 0x0000000084f00000, 0x0000000084f00000| Untracked 
|  26|0x0000000085000000, 0x0000000085000000, 0x0000000085100000|  0%| F|  |TAMS 0x0000000085000000, 0x0000000085000000| Untracked 
|  27|0x0000000085100000, 0x0000000085100000, 0x0000000085200000|  0%| F|  |TAMS 0x0000000085100000, 0x0000000085100000| Untracked 
|  28|0x0000000085200000, 0x0000000085200000, 0x0000000085300000|  0%| F|  |TAMS 0x0000000085200000, 0x0000000085200000| Untracked 
|  29|0x0000000085300000, 0x0000000085300000, 0x0000000085400000|  0%| F|  |TAMS 0x0000000085300000, 0x0000000085300000| Untracked 
|  30|0x0000000085400000, 0x0000000085400000, 0x0000000085500000|  0%| F|  |TAMS 0x0000000085400000, 0x0000000085400000| Untracked 
|  31|0x0000000085500000, 0x0000000085500000, 0x0000000085600000|  0%| F|  |TAMS 0x0000000085500000, 0x0000000085500000| Untracked 
|  32|0x0000000085600000, 0x0000000085600000, 0x0000000085700000|  0%| F|  |TAMS 0x0000000085600000, 0x0000000085600000| Untracked 
|  33|0x0000000085700000, 0x0000000085700000, 0x0000000085800000|  0%| F|  |TAMS 0x0000000085700000, 0x0000000085700000| Untracked 
|  34|0x0000000085800000, 0x0000000085800000, 0x0000000085900000|  0%| F|  |TAMS 0x0000000085800000, 0x0000000085800000| Untracked 
|  35|0x0000000085900000, 0x0000000085900000, 0x0000000085a00000|  0%| F|  |TAMS 0x0000000085900000, 0x0000000085900000| Untracked 
|  36|0x0000000085a00000, 0x0000000085a00000, 0x0000000085b00000|  0%| F|  |TAMS 0x0000000085a00000, 0x0000000085a00000| Untracked 
|  37|0x0000000085b00000, 0x0000000085b00000, 0x0000000085c00000|  0%| F|  |TAMS 0x0000000085b00000, 0x0000000085b00000| Untracked 
|  38|0x0000000085c00000, 0x0000000085c00000, 0x0000000085d00000|  0%| F|  |TAMS 0x0000000085c00000, 0x0000000085c00000| Untracked 
|  39|0x0000000085d00000, 0x0000000085d00000, 0x0000000085e00000|  0%| F|  |TAMS 0x0000000085d00000, 0x0000000085d00000| Untracked 
|  40|0x0000000085e00000, 0x0000000085e00000, 0x0000000085f00000|  0%| F|  |TAMS 0x0000000085e00000, 0x0000000085e00000| Untracked 
|  41|0x0000000085f00000, 0x0000000085f00000, 0x0000000086000000|  0%| F|  |TAMS 0x0000000085f00000, 0x0000000085f00000| Untracked 
|  42|0x0000000086000000, 0x0000000086000000, 0x0000000086100000|  0%| F|  |TAMS 0x0000000086000000, 0x0000000086000000| Untracked 
|  43|0x0000000086100000, 0x0000000086100000, 0x0000000086200000|  0%| F|  |TAMS 0x0000000086100000, 0x0000000086100000| Untracked 
|  44|0x0000000086200000, 0x0000000086200000, 0x0000000086300000|  0%| F|  |TAMS 0x0000000086200000, 0x0000000086200000| Untracked 
|  45|0x0000000086300000, 0x0000000086300000, 0x0000000086400000|  0%| F|  |TAMS 0x0000000086300000, 0x0000000086300000| Untracked 
|  46|0x0000000086400000, 0x0000000086400000, 0x0000000086500000|  0%| F|  |TAMS 0x0000000086400000, 0x0000000086400000| Untracked 
|  47|0x0000000086500000, 0x0000000086500000, 0x0000000086600000|  0%| F|  |TAMS 0x0000000086500000, 0x0000000086500000| Untracked 
|  48|0x0000000086600000, 0x0000000086600000, 0x0000000086700000|  0%| F|  |TAMS 0x0000000086600000, 0x0000000086600000| Untracked 
|  49|0x0000000086700000, 0x0000000086700000, 0x0000000086800000|  0%| F|  |TAMS 0x0000000086700000, 0x0000000086700000| Untracked 
|  50|0x0000000086800000, 0x0000000086800000, 0x0000000086900000|  0%| F|  |TAMS 0x0000000086800000, 0x0000000086800000| Untracked 
|  51|0x0000000086900000, 0x0000000086900000, 0x0000000086a00000|  0%| F|  |TAMS 0x0000000086900000, 0x0000000086900000| Untracked 
|  52|0x0000000086a00000, 0x0000000086a00000, 0x0000000086b00000|  0%| F|  |TAMS 0x0000000086a00000, 0x0000000086a00000| Untracked 
|  53|0x0000000086b00000, 0x0000000086b00000, 0x0000000086c00000|  0%| F|  |TAMS 0x0000000086b00000, 0x0000000086b00000| Untracked 
|  54|0x0000000086c00000, 0x0000000086c00000, 0x0000000086d00000|  0%| F|  |TAMS 0x0000000086c00000, 0x0000000086c00000| Untracked 
|  55|0x0000000086d00000, 0x0000000086d00000, 0x0000000086e00000|  0%| F|  |TAMS 0x0000000086d00000, 0x0000000086d00000| Untracked 
|  56|0x0000000086e00000, 0x0000000086e00000, 0x0000000086f00000|  0%| F|  |TAMS 0x0000000086e00000, 0x0000000086e00000| Untracked 
|  57|0x0000000086f00000, 0x0000000086f00000, 0x0000000087000000|  0%| F|  |TAMS 0x0000000086f00000, 0x0000000086f00000| Untracked 
|  58|0x0000000087000000, 0x0000000087000000, 0x0000000087100000|  0%| F|  |TAMS 0x0000000087000000, 0x0000000087000000| Untracked 
|  59|0x0000000087100000, 0x0000000087100000, 0x0000000087200000|  0%| F|  |TAMS 0x0000000087100000, 0x0000000087100000| Untracked 
|  60|0x0000000087200000, 0x0000000087200000, 0x0000000087300000|  0%| F|  |TAMS 0x0000000087200000, 0x0000000087200000| Untracked 
|  61|0x0000000087300000, 0x0000000087300000, 0x0000000087400000|  0%| F|  |TAMS 0x0000000087300000, 0x0000000087300000| Untracked 
|  62|0x0000000087400000, 0x0000000087400000, 0x0000000087500000|  0%| F|  |TAMS 0x0000000087400000, 0x0000000087400000| Untracked 
|  63|0x0000000087500000, 0x0000000087500000, 0x0000000087600000|  0%| F|  |TAMS 0x0000000087500000, 0x0000000087500000| Untracked 
|  64|0x0000000087600000, 0x0000000087600000, 0x0000000087700000|  0%| F|  |TAMS 0x0000000087600000, 0x0000000087600000| Untracked 
|  65|0x0000000087700000, 0x0000000087700000, 0x0000000087800000|  0%| F|  |TAMS 0x0000000087700000, 0x0000000087700000| Untracked 
|  66|0x0000000087800000, 0x0000000087800000, 0x0000000087900000|  0%| F|  |TAMS 0x0000000087800000, 0x0000000087800000| Untracked 
|  67|0x0000000087900000, 0x0000000087900000, 0x0000000087a00000|  0%| F|  |TAMS 0x0000000087900000, 0x0000000087900000| Untracked 
|  68|0x0000000087a00000, 0x0000000087a00000, 0x0000000087b00000|  0%| F|  |TAMS 0x0000000087a00000, 0x0000000087a00000| Untracked 
|  69|0x0000000087b00000, 0x0000000087b00000, 0x0000000087c00000|  0%| F|  |TAMS 0x0000000087b00000, 0x0000000087b00000| Untracked 
|  70|0x0000000087c00000, 0x0000000087c00000, 0x0000000087d00000|  0%| F|  |TAMS 0x0000000087c00000, 0x0000000087c00000| Untracked 
|  71|0x0000000087d00000, 0x0000000087d00000, 0x0000000087e00000|  0%| F|  |TAMS 0x0000000087d00000, 0x0000000087d00000| Untracked 
|  72|0x0000000087e00000, 0x0000000087e00000, 0x0000000087f00000|  0%| F|  |TAMS 0x0000000087e00000, 0x0000000087e00000| Untracked 
|  73|0x0000000087f00000, 0x0000000087f00000, 0x0000000088000000|  0%| F|  |TAMS 0x0000000087f00000, 0x0000000087f00000| Untracked 
|  74|0x0000000088000000, 0x0000000088000000, 0x0000000088100000|  0%| F|  |TAMS 0x0000000088000000, 0x0000000088000000| Untracked 
|  75|0x0000000088100000, 0x0000000088100000, 0x0000000088200000|  0%| F|  |TAMS 0x0000000088100000, 0x0000000088100000| Untracked 
|  76|0x0000000088200000, 0x0000000088200000, 0x0000000088300000|  0%| F|  |TAMS 0x0000000088200000, 0x0000000088200000| Untracked 
|  77|0x0000000088300000, 0x0000000088300000, 0x0000000088400000|  0%| F|  |TAMS 0x0000000088300000, 0x0000000088300000| Untracked 
|  78|0x0000000088400000, 0x0000000088400000, 0x0000000088500000|  0%| F|  |TAMS 0x0000000088400000, 0x0000000088400000| Untracked 
|  79|0x0000000088500000, 0x0000000088500000, 0x0000000088600000|  0%| F|  |TAMS 0x0000000088500000, 0x0000000088500000| Untracked 
|  80|0x0000000088600000, 0x0000000088600000, 0x0000000088700000|  0%| F|  |TAMS 0x0000000088600000, 0x0000000088600000| Untracked 
|  81|0x0000000088700000, 0x0000000088700000, 0x0000000088800000|  0%| F|  |TAMS 0x0000000088700000, 0x0000000088700000| Untracked 
|  82|0x0000000088800000, 0x0000000088800000, 0x0000000088900000|  0%| F|  |TAMS 0x0000000088800000, 0x0000000088800000| Untracked 
|  83|0x0000000088900000, 0x0000000088900000, 0x0000000088a00000|  0%| F|  |TAMS 0x0000000088900000, 0x0000000088900000| Untracked 
|  84|0x0000000088a00000, 0x0000000088a00000, 0x0000000088b00000|  0%| F|  |TAMS 0x0000000088a00000, 0x0000000088a00000| Untracked 
|  85|0x0000000088b00000, 0x0000000088b00000, 0x0000000088c00000|  0%| F|  |TAMS 0x0000000088b00000, 0x0000000088b00000| Untracked 
|  86|0x0000000088c00000, 0x0000000088c00000, 0x0000000088d00000|  0%| F|  |TAMS 0x0000000088c00000, 0x0000000088c00000| Untracked 
|  87|0x0000000088d00000, 0x0000000088d00000, 0x0000000088e00000|  0%| F|  |TAMS 0x0000000088d00000, 0x0000000088d00000| Untracked 
|  88|0x0000000088e00000, 0x0000000088e00000, 0x0000000088f00000|  0%| F|  |TAMS 0x0000000088e00000, 0x0000000088e00000| Untracked 
|  89|0x0000000088f00000, 0x0000000088f00000, 0x0000000089000000|  0%| F|  |TAMS 0x0000000088f00000, 0x0000000088f00000| Untracked 
|  90|0x0000000089000000, 0x0000000089000000, 0x0000000089100000|  0%| F|  |TAMS 0x0000000089000000, 0x0000000089000000| Untracked 
|  91|0x0000000089100000, 0x0000000089100000, 0x0000000089200000|  0%| F|  |TAMS 0x0000000089100000, 0x0000000089100000| Untracked 
|  92|0x0000000089200000, 0x00000000892f6448, 0x0000000089300000| 96%| E|  |TAMS 0x0000000089200000, 0x0000000089200000| Complete 
|  93|0x0000000089300000, 0x0000000089400000, 0x0000000089400000|100%| E|CS|TAMS 0x0000000089300000, 0x0000000089300000| Complete 
|  94|0x0000000089400000, 0x0000000089500000, 0x0000000089500000|100%| E|CS|TAMS 0x0000000089400000, 0x0000000089400000| Complete 
|  95|0x0000000089500000, 0x0000000089600000, 0x0000000089600000|100%| E|CS|TAMS 0x0000000089500000, 0x0000000089500000| Complete 
|  96|0x0000000089600000, 0x0000000089700000, 0x0000000089700000|100%| E|CS|TAMS 0x0000000089600000, 0x0000000089600000| Complete 
|  97|0x0000000089700000, 0x0000000089800000, 0x0000000089800000|100%| E|CS|TAMS 0x0000000089700000, 0x0000000089700000| Complete 
|  98|0x0000000089800000, 0x0000000089900000, 0x0000000089900000|100%| E|CS|TAMS 0x0000000089800000, 0x0000000089800000| Complete 
|  99|0x0000000089900000, 0x0000000089a00000, 0x0000000089a00000|100%| S|CS|TAMS 0x0000000089900000, 0x0000000089900000| Complete 
| 100|0x0000000089a00000, 0x0000000089b00000, 0x0000000089b00000|100%| S|CS|TAMS 0x0000000089a00000, 0x0000000089a00000| Complete 
| 101|0x0000000089b00000, 0x0000000089c00000, 0x0000000089c00000|100%| S|CS|TAMS 0x0000000089b00000, 0x0000000089b00000| Complete 
| 102|0x0000000089c00000, 0x0000000089d00000, 0x0000000089d00000|100%| E|CS|TAMS 0x0000000089c00000, 0x0000000089c00000| Complete 
| 103|0x0000000089d00000, 0x0000000089e00000, 0x0000000089e00000|100%| E|CS|TAMS 0x0000000089d00000, 0x0000000089d00000| Complete 
| 104|0x0000000089e00000, 0x0000000089f00000, 0x0000000089f00000|100%| E|CS|TAMS 0x0000000089e00000, 0x0000000089e00000| Complete 
| 105|0x0000000089f00000, 0x000000008a000000, 0x000000008a000000|100%| E|CS|TAMS 0x0000000089f00000, 0x0000000089f00000| Complete 
| 106|0x000000008a000000, 0x000000008a100000, 0x000000008a100000|100%| E|CS|TAMS 0x000000008a000000, 0x000000008a000000| Complete 
| 107|0x000000008a100000, 0x000000008a200000, 0x000000008a200000|100%| E|CS|TAMS 0x000000008a100000, 0x000000008a100000| Complete 
| 108|0x000000008a200000, 0x000000008a300000, 0x000000008a300000|100%| E|CS|TAMS 0x000000008a200000, 0x000000008a200000| Complete 
| 109|0x000000008a300000, 0x000000008a400000, 0x000000008a400000|100%| E|CS|TAMS 0x000000008a300000, 0x000000008a300000| Complete 
| 110|0x000000008a400000, 0x000000008a500000, 0x000000008a500000|100%| E|CS|TAMS 0x000000008a400000, 0x000000008a400000| Complete 
| 111|0x000000008a500000, 0x000000008a600000, 0x000000008a600000|100%| E|CS|TAMS 0x000000008a500000, 0x000000008a500000| Complete 
| 112|0x000000008a600000, 0x000000008a700000, 0x000000008a700000|100%| E|CS|TAMS 0x000000008a600000, 0x000000008a600000| Complete 
| 113|0x000000008a700000, 0x000000008a800000, 0x000000008a800000|100%| E|CS|TAMS 0x000000008a700000, 0x000000008a700000| Complete 
| 114|0x000000008a800000, 0x000000008a900000, 0x000000008a900000|100%| E|CS|TAMS 0x000000008a800000, 0x000000008a800000| Complete 
| 115|0x000000008a900000, 0x000000008aa00000, 0x000000008aa00000|100%| E|CS|TAMS 0x000000008a900000, 0x000000008a900000| Complete 
| 116|0x000000008aa00000, 0x000000008ab00000, 0x000000008ab00000|100%| E|CS|TAMS 0x000000008aa00000, 0x000000008aa00000| Complete 
| 117|0x000000008ab00000, 0x000000008ac00000, 0x000000008ac00000|100%| E|CS|TAMS 0x000000008ab00000, 0x000000008ab00000| Complete 
| 118|0x000000008ac00000, 0x000000008ad00000, 0x000000008ad00000|100%| E|CS|TAMS 0x000000008ac00000, 0x000000008ac00000| Complete 
| 119|0x000000008ad00000, 0x000000008ae00000, 0x000000008ae00000|100%| E|CS|TAMS 0x000000008ad00000, 0x000000008ad00000| Complete 
| 120|0x000000008ae00000, 0x000000008af00000, 0x000000008af00000|100%| E|CS|TAMS 0x000000008ae00000, 0x000000008ae00000| Complete 
| 121|0x000000008af00000, 0x000000008b000000, 0x000000008b000000|100%| E|CS|TAMS 0x000000008af00000, 0x000000008af00000| Complete 
| 122|0x000000008b000000, 0x000000008b100000, 0x000000008b100000|100%| E|CS|TAMS 0x000000008b000000, 0x000000008b000000| Complete 
| 123|0x000000008b100000, 0x000000008b200000, 0x000000008b200000|100%| E|CS|TAMS 0x000000008b100000, 0x000000008b100000| Complete 
| 124|0x000000008b200000, 0x000000008b300000, 0x000000008b300000|100%| E|CS|TAMS 0x000000008b200000, 0x000000008b200000| Complete 
| 125|0x000000008b300000, 0x000000008b400000, 0x000000008b400000|100%| E|CS|TAMS 0x000000008b300000, 0x000000008b300000| Complete 

Card table byte_map: [0x000002bc611f0000,0x000002bc615e0000] _byte_map_base: 0x000002bc60dd5000

Marking Bits (Prev, Next): (CMBitMap*) 0x000002bc4dfdcc58, (CMBitMap*) 0x000002bc4dfdcc90
 Prev Bits: [0x000002bc619d0000, 0x000002bc638f8000)
 Next Bits: [0x000002bc63900000, 0x000002bc65828000)

Polling page: 0x000002bc4bef0000

Metaspace:

Usage:
  Non-class:     13.94 MB capacity,    13.74 MB ( 99%) used,   179.58 KB (  1%) free+waste,    22.31 KB ( <1%) overhead. 
      Class:      1.83 MB capacity,     1.72 MB ( 94%) used,   100.66 KB (  5%) free+waste,    10.88 KB ( <1%) overhead. 
       Both:     15.77 MB capacity,    15.46 MB ( 98%) used,   280.23 KB (  2%) free+waste,    33.19 KB ( <1%) overhead. 

Virtual space:
  Non-class space:       14.00 MB reserved,      14.00 MB (100%) committed 
      Class space:        1.00 GB reserved,       1.88 MB ( <1%) committed 
             Both:        1.01 GB reserved,      15.88 MB (  2%) committed 

Chunk freelists:
   Non-Class:  1.00 KB
       Class:  12.00 KB
        Both:  13.00 KB

MaxMetaspaceSize: 17179869184.00 GB
CompressedClassSpaceSize: 1.00 GB
Initial GC threshold: 20.80 MB
Current GC threshold: 20.80 MB
CDS: off

CodeHeap 'non-profiled nmethods': size=120000Kb used=649Kb max_used=649Kb free=119351Kb
 bounds [0x000002bc59590000, 0x000002bc59800000, 0x000002bc60ac0000]
CodeHeap 'profiled nmethods': size=120000Kb used=2903Kb max_used=2903Kb free=117096Kb
 bounds [0x000002bc52060000, 0x000002bc52340000, 0x000002bc59590000]
CodeHeap 'non-nmethods': size=5760Kb used=1175Kb max_used=1198Kb free=4585Kb
 bounds [0x000002bc51ac0000, 0x000002bc51d30000, 0x000002bc52060000]
 total_blobs=1925 nmethods=1497 adapters=341
 compilation: enabled
              stopped_count=0, restarted_count=0
 full_count=0

Compilation events (20 events):
Event: 14.866 Thread 0x000002bc68c02800 nmethod 1490 0x000002bc5232e590 code [0x000002bc5232eaa0, 0x000002bc52330b88]
Event: 14.866 Thread 0x000002bc68c02800 1491   !   3       sun.nio.fs.WindowsNativeDispatcher::GetFileAttributesEx (30 bytes)
Event: 14.866 Thread 0x000002bc68c02800 nmethod 1491 0x000002bc52331e10 code [0x000002bc52332000, 0x000002bc523322d8]
Event: 14.866 Thread 0x000002bc68c02800 1493       3       java.util.zip.ZipFile$Source$Key::equals (80 bytes)
Event: 14.866 Thread 0x000002bc68c02800 nmethod 1493 0x000002bc52332510 code [0x000002bc52332820, 0x000002bc52333a68]
Event: 14.866 Thread 0x000002bc68c02800 1494       3       java.nio.file.attribute.FileTime::equals (28 bytes)
Event: 14.866 Thread 0x000002bc68c02800 nmethod 1494 0x000002bc52334110 code [0x000002bc523342e0, 0x000002bc52334688]
Event: 14.869 Thread 0x000002bc68c02800 1495  s    3       java.util.Properties::put (10 bytes)
Event: 14.869 Thread 0x000002bc68c02800 nmethod 1495 0x000002bc52334790 code [0x000002bc52334960, 0x000002bc52334c88]
Event: 14.887 Thread 0x000002bc682b0000 nmethod 1477 0x000002bc5962cb90 code [0x000002bc5962ce20, 0x000002bc5962ede0]
Event: 14.887 Thread 0x000002bc682b0000 1496       4       java.lang.StringBuilder::append (8 bytes)
Event: 14.895 Thread 0x000002bc682b0000 nmethod 1496 0x000002bc59630110 code [0x000002bc596302e0, 0x000002bc596309f8]
Event: 14.895 Thread 0x000002bc682b0000 1478       4       java.util.LinkedHashMap::newNode (23 bytes)
Event: 14.899 Thread 0x000002bc682b0000 nmethod 1478 0x000002bc59630d90 code [0x000002bc59630f20, 0x000002bc59631538]
Event: 14.899 Thread 0x000002bc682b0000 1479       4       java.util.LinkedHashMap::afterNodeInsertion (40 bytes)
Event: 14.900 Thread 0x000002bc682b0000 nmethod 1479 0x000002bc59631610 code [0x000002bc596317c0, 0x000002bc59631898]
Event: 14.900 Thread 0x000002bc682b0000 1480       4       java.lang.ThreadLocal$ThreadLocalMap::getEntry (42 bytes)
Event: 14.901 Thread 0x000002bc682b0000 nmethod 1480 0x000002bc59631990 code [0x000002bc59631b40, 0x000002bc59631cc8]
Event: 14.901 Thread 0x000002bc682b0000 1497       4       java.lang.String::isEmpty (14 bytes)
Event: 14.901 Thread 0x000002bc682b0000 nmethod 1497 0x000002bc59631e10 code [0x000002bc59631fa0, 0x000002bc59632018]

GC Heap History (2 events):
Event: 2.661 GC heap before
{Heap before GC invocations=0 (full 0):
 garbage-first heap   total 129024K, used 29696K [0x0000000083600000, 0x0000000100000000)
  region size 1024K, 24 young (24576K), 0 survivors (0K)
 Metaspace       used 11133K, capacity 11368K, committed 11648K, reserved 1058816K
  class space    used 1189K, capacity 1301K, committed 1408K, reserved 1048576K
}
Event: 2.669 GC heap after
{Heap after GC invocations=1 (full 0):
 garbage-first heap   total 129024K, used 8455K [0x0000000083600000, 0x0000000100000000)
  region size 1024K, 3 young (3072K), 3 survivors (3072K)
 Metaspace       used 11133K, capacity 11368K, committed 11648K, reserved 1058816K
  class space    used 1189K, capacity 1301K, committed 1408K, reserved 1048576K
}

Deoptimization events (20 events):
Event: 7.289 Thread 0x000002bc4df9e000 DEOPT PACKING pc=0x000002bc595fb1d4 sp=0x000000cc6eefd260
Event: 7.289 Thread 0x000002bc4df9e000 DEOPT UNPACKING pc=0x000002bc51ac85af sp=0x000000cc6eefd1d8 mode 2
Event: 7.428 Thread 0x000002bc4df9e000 DEOPT PACKING pc=0x000002bc52108c21 sp=0x000000cc6eefce70
Event: 7.428 Thread 0x000002bc4df9e000 DEOPT UNPACKING pc=0x000002bc51b09d0e sp=0x000000cc6eefc368 mode 0
Event: 9.757 Thread 0x000002bc4df9e000 Uncommon trap: trap_request=0xffffffde fr.pc=0x000002bc595fb1d4 relative=0x00000000000013d4
Event: 9.757 Thread 0x000002bc4df9e000 Uncommon trap: reason=class_check action=maybe_recompile pc=0x000002bc595fb1d4 method=java.io.DataInputStream.readUnsignedShort()I @ 4 c2
Event: 9.757 Thread 0x000002bc4df9e000 DEOPT PACKING pc=0x000002bc595fb1d4 sp=0x000000cc6eefd250
Event: 9.757 Thread 0x000002bc4df9e000 DEOPT UNPACKING pc=0x000002bc51ac85af sp=0x000000cc6eefd1c8 mode 2
Event: 12.286 Thread 0x000002bc4df9e000 DEOPT PACKING pc=0x000002bc5213c04c sp=0x000000cc6eefc770
Event: 12.286 Thread 0x000002bc4df9e000 DEOPT UNPACKING pc=0x000002bc51b09d0e sp=0x000000cc6eefbd10 mode 0
Event: 14.835 Thread 0x000002bc4df9e000 Uncommon trap: trap_request=0xffffff4d fr.pc=0x000002bc5960ef70 relative=0x0000000000000250
Event: 14.835 Thread 0x000002bc4df9e000 Uncommon trap: reason=unstable_if action=reinterpret pc=0x000002bc5960ef70 method=java.io.BufferedOutputStream.write(I)V @ 9 c2
Event: 14.835 Thread 0x000002bc4df9e000 DEOPT PACKING pc=0x000002bc5960ef70 sp=0x000000cc6eefce00
Event: 14.835 Thread 0x000002bc4df9e000 DEOPT UNPACKING pc=0x000002bc51ac85af sp=0x000000cc6eefcda8 mode 2
Event: 14.842 Thread 0x000002bc4df9e000 DEOPT PACKING pc=0x000002bc5213c04c sp=0x000000cc6eefc650
Event: 14.842 Thread 0x000002bc4df9e000 DEOPT UNPACKING pc=0x000002bc51b09d0e sp=0x000000cc6eefbbf0 mode 0
Event: 14.850 Thread 0x000002bc4df9e000 DEOPT PACKING pc=0x000002bc52270557 sp=0x000000cc6eefca30
Event: 14.850 Thread 0x000002bc4df9e000 DEOPT UNPACKING pc=0x000002bc51b09d0e sp=0x000000cc6eefbfe0 mode 0
Event: 14.857 Thread 0x000002bc4df9e000 DEOPT PACKING pc=0x000002bc5213c04c sp=0x000000cc6eefc650
Event: 14.857 Thread 0x000002bc4df9e000 DEOPT UNPACKING pc=0x000002bc51b09d0e sp=0x000000cc6eefbbf0 mode 0

Classes redefined (0 events):
No events

Internal exceptions (19 events):
Event: 0.946 Thread 0x000002bc4df9e000 Exception <a 'java/lang/NoSuchMethodError'{0x000000008b29e6c8}: 'int java.lang.invoke.DirectMethodHandle$Holder.invokeSpecialIFC(java.lang.Object, java.lang.Object, int)'> (0x000000008b29e6c8) thrown at [./src/hotspot/share/interpreter/linkResolver.cpp, line 773]
Event: 1.108 Thread 0x000002bc4df9e000 Exception <a 'java/lang/NoSuchMethodError'{0x000000008b023520}: 'int java.lang.invoke.DirectMethodHandle$Holder.invokeStaticInit(java.lang.Object, java.lang.Object)'> (0x000000008b023520) thrown at [./src/hotspot/share/interpreter/linkResolver.cpp, line 773]
Event: 1.790 Thread 0x000002bc4df9e000 Exception <a 'java/lang/NoSuchMethodError'{0x000000008b0dcfb8}: 'int java.lang.invoke.DirectMethodHandle$Holder.invokeSpecial(java.lang.Object, java.lang.Object, java.lang.Object, java.lang.Object)'> (0x000000008b0dcfb8) thrown at [./src/hotspot/share/interpreter/linkResolver.cpp, line 773]
Event: 2.542 Thread 0x000002bc4df9e000 Exception <a 'java/lang/NoClassDefFoundError'{0x000000008a193118}: org/slf4j/impl/StaticMarkerBinder> (0x000000008a193118) thrown at [./src/hotspot/share/classfile/systemDictionary.cpp, line 220]
Event: 2.550 Thread 0x000002bc4df9e000 Exception <a 'java/lang/NoSuchMethodError'{0x000000008a02ba98}: 'java.lang.Object java.lang.invoke.DirectMethodHandle$Holder.invokeVirtual(java.lang.Object, java.lang.Object, java.lang.Object, java.lang.Object, java.lang.Object)'> (0x000000008a02ba98) thrown at [./src/hotspot/share/interpreter/linkResolver.cpp, line 773]
Event: 2.645 Thread 0x000002bc4df9e000 Exception <a 'java/lang/NoSuchMethodError'{0x0000000089c24018}: 'java.lang.Object java.lang.invoke.Invokers$Holder.invoker(java.lang.Object, java.lang.Object, java.lang.Object, java.lang.Object, java.lang.Object)'> (0x0000000089c24018) thrown at [./src/hotspot/share/interpreter/linkResolver.cpp, line 773]
Event: 2.646 Thread 0x000002bc4df9e000 Exception <a 'java/lang/NoSuchMethodError'{0x0000000089c34d80}: 'void java.lang.invoke.DelegatingMethodHandle$Holder.delegate(java.lang.Object, java.lang.Object, int, java.lang.Object)'> (0x0000000089c34d80) thrown at [./src/hotspot/share/interpreter/linkResolver.cpp, line 773]
Event: 2.734 Thread 0x000002bc4df9e000 Exception <a 'java/lang/NoSuchMethodError'{0x000000008b092a20}: 'java.lang.Object java.lang.invoke.DirectMethodHandle$Holder.invokeStaticInit(java.lang.Object, java.lang.Object, java.lang.Object)'> (0x000000008b092a20) thrown at [./src/hotspot/share/interpreter/linkResolver.cpp, line 773]
Event: 2.815 Thread 0x000002bc4df9e000 Exception <a 'java/lang/NoSuchMethodError'{0x000000008ac89ca8}: 'java.lang.Object java.lang.invoke.DirectMethodHandle$Holder.invokeStaticInit(java.lang.Object, int, int, int, int)'> (0x000000008ac89ca8) thrown at [./src/hotspot/share/interpreter/linkResolver.cpp, line 773]
Event: 3.020 Thread 0x000002bc4df9e000 Exception <a 'java/lang/NoSuchMethodError'{0x000000008ab51ca8}: 'java.lang.Object java.lang.invoke.DirectMethodHandle$Holder.invokeStaticInit(java.lang.Object, java.lang.Object, int, int, int, int)'> (0x000000008ab51ca8) thrown at [./src/hotspot/share/interpreter/linkResolver.cpp, line 773]
Event: 4.437 Thread 0x000002bc69b17800 Exception <a 'java/lang/NoSuchMethodError'{0x000000008a50fbf0}: 'void java.lang.invoke.DirectMethodHandle$Holder.invokeStatic(java.lang.Object, long)'> (0x000000008a50fbf0) thrown at [./src/hotspot/share/interpreter/linkResolver.cpp, line 773]
Event: 4.438 Thread 0x000002bc69b17800 Exception <a 'java/lang/NoSuchMethodError'{0x000000008a514e40}: 'java.lang.Object java.lang.invoke.DirectMethodHandle$Holder.invokeStatic(java.lang.Object, long)'> (0x000000008a514e40) thrown at [./src/hotspot/share/interpreter/linkResolver.cpp, line 773]
Event: 4.440 Thread 0x000002bc69b17800 Exception <a 'java/lang/NoSuchMethodError'{0x000000008a522ee0}: 'java.lang.Object java.lang.invoke.DirectMethodHandle$Holder.invokeStaticInit(java.lang.Object, java.lang.Object, long, java.lang.Object)'> (0x000000008a522ee0) thrown at [./src/hotspot/share/interpreter/linkResolver.cpp, line 773]
Event: 4.441 Thread 0x000002bc69b17800 Exception <a 'java/lang/NoSuchMethodError'{0x000000008a528e08}: 'java.lang.Object java.lang.invoke.DirectMethodHandle$Holder.invokeStatic(java.lang.Object, java.lang.Object, long)'> (0x000000008a528e08) thrown at [./src/hotspot/share/interpreter/linkResolver.cpp, line 773]
Event: 4.441 Thread 0x000002bc69b17800 Exception <a 'java/lang/NoSuchMethodError'{0x000000008a52f0d8}: 'java.lang.Object java.lang.invoke.Invokers$Holder.linkToTargetMethod(java.lang.Object, long, java.lang.Object)'> (0x000000008a52f0d8) thrown at [./src/hotspot/share/interpreter/linkResolver.cpp, line 773]
Event: 7.335 Thread 0x000002bc4df9e000 Exception <a 'java/io/IOException'{0x000000008a32ca20}> (0x000000008a32ca20) thrown at [./src/hotspot/share/prims/jni.cpp, line 616]
Event: 9.771 Thread 0x000002bc4df9e000 Exception <a 'java/io/IOException'{0x0000000089f0a868}> (0x0000000089f0a868) thrown at [./src/hotspot/share/prims/jni.cpp, line 616]
Event: 12.266 Thread 0x000002bc4df9e000 Exception <a 'java/io/IOException'{0x0000000089de6538}> (0x0000000089de6538) thrown at [./src/hotspot/share/prims/jni.cpp, line 616]
Event: 14.770 Thread 0x000002bc4df9e000 Exception <a 'java/io/IOException'{0x000000008953c410}> (0x000000008953c410) thrown at [./src/hotspot/share/prims/jni.cpp, line 616]

Events (20 events):
Event: 14.763 loading class jdk/internal/reflect/Label$PatchInfo
Event: 14.763 loading class jdk/internal/reflect/Label$PatchInfo done
Event: 14.764 loading class jdk/internal/reflect/MethodAccessorGenerator$1
Event: 14.764 loading class jdk/internal/reflect/MethodAccessorGenerator$1 done
Event: 14.764 loading class jdk/internal/reflect/ClassDefiner
Event: 14.764 loading class jdk/internal/reflect/ClassDefiner done
Event: 14.764 loading class jdk/internal/reflect/ClassDefiner$1
Event: 14.764 loading class jdk/internal/reflect/ClassDefiner$1 done
Event: 14.835 Executing VM operation: RevokeBias
Event: 14.835 Executing VM operation: RevokeBias done
Event: 14.862 Loaded shared library C:\Program Files\Android\Android Studio\jre\bin\nio.dll
Event: 14.862 Thread 0x000002bc69d2e000 Thread added: 0x000002bc69d2e000
Event: 14.869 Thread 0x000002bc69b32800 Thread added: 0x000002bc69b32800
Event: 14.881 Thread 0x000002bc69b2f000 Thread added: 0x000002bc69b2f000
Event: 14.882 Thread 0x000002bc69279000 Thread added: 0x000002bc69279000
Event: 14.882 Executing VM operation: RevokeBias
Event: 14.882 Executing VM operation: RevokeBias done
Event: 14.882 Thread 0x000002bc69b2f000 Thread exited: 0x000002bc69b2f000
Event: 14.882 Executing VM operation: RevokeBias
Event: 14.882 Executing VM operation: RevokeBias done


Dynamic libraries:
0x00007ff798890000 - 0x00007ff79889a000 	C:\Program Files\Android\Android Studio\jre\bin\java.exe
0x00007fffd2870000 - 0x00007fffd2a68000 	C:\Windows\SYSTEM32\ntdll.dll
0x00007fffd15c0000 - 0x00007fffd167f000 	C:\Windows\System32\KERNEL32.DLL
0x00007fffd00c0000 - 0x00007fffd0392000 	C:\Windows\System32\KERNELBASE.dll
0x00007fffcff30000 - 0x00007fffd0030000 	C:\Windows\System32\ucrtbase.dll
0x00007fffc8500000 - 0x00007fffc8519000 	C:\Program Files\Android\Android Studio\jre\bin\jli.dll
0x00007fff90700000 - 0x00007fff90717000 	C:\Program Files\Android\Android Studio\jre\bin\VCRUNTIME140.dll
0x00007fffd0d10000 - 0x00007fffd0eb1000 	C:\Windows\System32\USER32.dll
0x00007fffbd000000 - 0x00007fffbd29a000 	C:\Windows\WinSxS\amd64_microsoft.windows.common-controls_6595b64144ccf1df_6.0.19041.1110_none_60b5254171f9507e\COMCTL32.dll
0x00007fffd0850000 - 0x00007fffd0872000 	C:\Windows\System32\win32u.dll
0x00007fffd1590000 - 0x00007fffd15bb000 	C:\Windows\System32\GDI32.dll
0x00007fffd0490000 - 0x00007fffd059f000 	C:\Windows\System32\gdi32full.dll
0x00007fffd03f0000 - 0x00007fffd048d000 	C:\Windows\System32\msvcp_win.dll
0x00007fffd1760000 - 0x00007fffd17fe000 	C:\Windows\System32\msvcrt.dll
0x00007fffd0aa0000 - 0x00007fffd0ad2000 	C:\Windows\System32\IMM32.DLL
0x00007fff90660000 - 0x00007fff906fd000 	C:\Program Files\Android\Android Studio\jre\bin\msvcp140.dll
0x00007fff49640000 - 0x00007fff4a142000 	C:\Program Files\Android\Android Studio\jre\bin\server\jvm.dll
0x00007fffd2590000 - 0x00007fffd263e000 	C:\Windows\System32\ADVAPI32.dll
0x00007fffd0b40000 - 0x00007fffd0bdc000 	C:\Windows\System32\sechost.dll
0x00007fffd0be0000 - 0x00007fffd0d05000 	C:\Windows\System32\RPCRT4.dll
0x00007fffd1440000 - 0x00007fffd1448000 	C:\Windows\System32\PSAPI.DLL
0x00007fffcd0d0000 - 0x00007fffcd0f7000 	C:\Windows\SYSTEM32\WINMM.dll
0x00007fffc78e0000 - 0x00007fffc78ea000 	C:\Windows\SYSTEM32\VERSION.dll
0x00007fffcc240000 - 0x00007fffcc249000 	C:\Windows\SYSTEM32\WSOCK32.dll
0x00007fffd1690000 - 0x00007fffd16fb000 	C:\Windows\System32\WS2_32.dll
0x00007fffce780000 - 0x00007fffce792000 	C:\Windows\SYSTEM32\kernel.appcore.dll
0x00007fff90640000 - 0x00007fff90651000 	C:\Program Files\Android\Android Studio\jre\bin\verify.dll
0x00007fffcdcc0000 - 0x00007fffcdea4000 	C:\Windows\SYSTEM32\DBGHELP.DLL
0x00007fffcd090000 - 0x00007fffcd0c5000 	C:\Windows\SYSTEM32\dbgcore.DLL
0x00007fffd0030000 - 0x00007fffd00b2000 	C:\Windows\System32\bcryptPrimitives.dll
0x00007fff685a0000 - 0x00007fff685c9000 	C:\Program Files\Android\Android Studio\jre\bin\java.dll
0x00007fffadd40000 - 0x00007fffadd4b000 	C:\Program Files\Android\Android Studio\jre\bin\jimage.dll
0x00007fff90620000 - 0x00007fff90638000 	C:\Program Files\Android\Android Studio\jre\bin\zip.dll
0x00007fffd1880000 - 0x00007fffd1fc4000 	C:\Windows\System32\SHELL32.dll
0x00007fffcdfd0000 - 0x00007fffce762000 	C:\Windows\SYSTEM32\windows.storage.dll
0x00007fffd2180000 - 0x00007fffd24d5000 	C:\Windows\System32\combase.dll
0x00007fffcf990000 - 0x00007fffcf9c0000 	C:\Windows\SYSTEM32\Wldp.dll
0x00007fffd24e0000 - 0x00007fffd258d000 	C:\Windows\System32\SHCORE.dll
0x00007fffd1700000 - 0x00007fffd1755000 	C:\Windows\System32\shlwapi.dll
0x00007fffcfe70000 - 0x00007fffcfe8f000 	C:\Windows\SYSTEM32\profapi.dll
0x00007fff830e0000 - 0x00007fff830fa000 	C:\Program Files\Android\Android Studio\jre\bin\net.dll
0x00007fffcc0f0000 - 0x00007fffcc1fc000 	C:\Windows\SYSTEM32\WINHTTP.dll
0x00007fffcf6f0000 - 0x00007fffcf75a000 	C:\Windows\system32\mswsock.dll
0x00007fff81ed0000 - 0x00007fff81ee4000 	C:\Program Files\Android\Android Studio\jre\bin\nio.dll
0x00007fff63640000 - 0x00007fff63666000 	C:\Users\PC\.gradle\native\fdc75f09e3144964f2cf3f50f0aa648679c211496f362492102eb8c894070792\windows-amd64\native-platform.dll
0x00007fff4e0b0000 - 0x00007fff4e241000 	C:\Users\PC\.gradle\native\12488b8bf47d2d4c9fbf2f6322a914ad602e24e48041cd04a747c6da556b65c4\windows-amd64\native-platform-file-events.dll
0x00007fffad9a0000 - 0x00007fffad9aa000 	C:\Program Files\Android\Android Studio\jre\bin\management.dll
0x00007fffab940000 - 0x00007fffab94d000 	C:\Program Files\Android\Android Studio\jre\bin\management_ext.dll
0x00007fffcf8e0000 - 0x00007fffcf8f8000 	C:\Windows\SYSTEM32\CRYPTSP.dll
0x00007fffcefa0000 - 0x00007fffcefd4000 	C:\Windows\system32\rsaenh.dll
0x00007fffd0610000 - 0x00007fffd0637000 	C:\Windows\System32\bcrypt.dll
0x00007fffcfe30000 - 0x00007fffcfe5e000 	C:\Windows\SYSTEM32\USERENV.dll
0x00007fffcf900000 - 0x00007fffcf90c000 	C:\Windows\SYSTEM32\CRYPTBASE.dll
0x00007fffcf390000 - 0x00007fffcf3cb000 	C:\Windows\SYSTEM32\IPHLPAPI.DLL
0x00007fffd1680000 - 0x00007fffd1688000 	C:\Windows\System32\NSI.dll
0x00007fffc78f0000 - 0x00007fffc7907000 	C:\Windows\SYSTEM32\dhcpcsvc6.DLL
0x00007fffc8670000 - 0x00007fffc868d000 	C:\Windows\SYSTEM32\dhcpcsvc.DLL
0x00007fffcf3d0000 - 0x00007fffcf49a000 	C:\Windows\SYSTEM32\DNSAPI.dll
0x00007fffcc200000 - 0x00007fffcc20b000 	C:\Windows\SYSTEM32\WINNSI.DLL

dbghelp: loaded successfully - version: 4.0.5 - missing functions: none
symbol engine: initialized successfully - sym options: 0x614 - pdb path: .;C:\Program Files\Android\Android Studio\jre\bin;C:\Windows\SYSTEM32;C:\Windows\WinSxS\amd64_microsoft.windows.common-controls_6595b64144ccf1df_6.0.19041.1110_none_60b5254171f9507e;C:\Program Files\Android\Android Studio\jre\bin\server;C:\Users\PC\.gradle\native\fdc75f09e3144964f2cf3f50f0aa648679c211496f362492102eb8c894070792\windows-amd64;C:\Users\PC\.gradle\native\12488b8bf47d2d4c9fbf2f6322a914ad602e24e48041cd04a747c6da556b65c4\windows-amd64

VM Arguments:
jvm_args: -Dorg.gradle.appname=gradlew 
java_command: org.gradle.wrapper.GradleWrapperMain -q -Ptarget-platform=android-arm64 -Ptarget=C:\Users\PC\Desktop\NPD-Traffic-Count-MobileApp\lib\main.dart -Pbase-application-name=android.app.Application -Pdart-defines=RkxVVFRFUl9XRUJfQVVUT19ERVRFQ1Q9dHJ1ZQ== -Pdart-obfuscation=false -Ptrack-widget-creation=true -Ptree-shake-icons=false -Pfilesystem-scheme=org-dartlang-root assembleDebug
java_class_path (initial): C:\Users\PC\Desktop\NPD-Traffic-Count-MobileApp\android\\gradle\wrapper\gradle-wrapper.jar
Launcher Type: SUN_STANDARD

[Global flags]
     intx CICompilerCount                          = 4                                         {product} {ergonomic}
     uint ConcGCThreads                            = 2                                         {product} {ergonomic}
     uint G1ConcRefinementThreads                  = 8                                         {product} {ergonomic}
   size_t G1HeapRegionSize                         = 1048576                                   {product} {ergonomic}
    uintx GCDrainStackTargetSize                   = 64                                        {product} {ergonomic}
   size_t InitialHeapSize                          = 132120576                                 {product} {ergonomic}
   size_t MarkStackSize                            = 4194304                                   {product} {ergonomic}
   size_t MaxHeapSize                              = 2090860544                                {product} {ergonomic}
   size_t MaxNewSize                               = 1254096896                                {product} {ergonomic}
   size_t MinHeapDeltaBytes                        = 1048576                                   {product} {ergonomic}
    uintx NonNMethodCodeHeapSize                   = 5836300                                {pd product} {ergonomic}
    uintx NonProfiledCodeHeapSize                  = 122910970                              {pd product} {ergonomic}
    uintx ProfiledCodeHeapSize                     = 122910970                              {pd product} {ergonomic}
    uintx ReservedCodeCacheSize                    = 251658240                              {pd product} {ergonomic}
     bool SegmentedCodeCache                       = true                                      {product} {ergonomic}
     bool UseCompressedClassPointers               = true                                 {lp64_product} {ergonomic}
     bool UseCompressedOops                        = true                                 {lp64_product} {ergonomic}
     bool UseG1GC                                  = true                                      {product} {ergonomic}
     bool UseLargePagesIndividualAllocation        = false                                  {pd product} {ergonomic}

Logging:
Log output configuration:
 #0: stdout all=warning uptime,level,tags
 #1: stderr all=off uptime,level,tags

Environment Variables:
JAVA_HOME=C:\Program Files\Android\Android Studio\jre
CLASSPATH=C:\Users\PC\Desktop\NPD-Traffic-Count-MobileApp\android\\gradle\wrapper\gradle-wrapper.jar
PATH=C:\Windows\system32;C:\Windows;C:\Windows\System32\Wbem;C:\Windows\System32\WindowsPowerShell\v1.0\;C:\Windows\System32\OpenSSH\;C:\Program Files (x86)\Kaspersky Lab\Kaspersky Endpoint Security for Windows\;C:\Program Files\Git\cmd;C:\ProgramData\chocolatey\bin;C:\Program Files\nodejs\;C:\Users\PC\AppData\Local\Microsoft\WindowsApps;C:\Users\PC\Downloads\flutter_windows_3.3.8-stable\flutter\bin;C:\Users\PC\AppData\Local\Programs\Microsoft VS Code\bin;C:\Users\PC\AppData\Roaming\npm;C:\Users\PC\Downloads\flutter_windows_3.3.8-stable\flutter\bin\mingit\cmd
USERNAME=PC
OS=Windows_NT
PROCESSOR_IDENTIFIER=Intel64 Family 6 Model 140 Stepping 1, GenuineIntel



---------------  S Y S T E M  ---------------

OS: Windows 10 , 64 bit Build 19041 (10.0.19041.2364)
OS uptime: 1 days 11:20 hours

CPU:total 8 (initial active 8) (4 cores per cpu, 2 threads per core) family 6 model 140 stepping 1 microcode 0x9a, cmov, cx8, fxsr, mmx, sse, sse2, sse3, ssse3, sse4.1, sse4.2, popcnt, avx, avx2, aes, clmul, erms, 3dnowpref, lzcnt, ht, tsc, tscinvbit, bmi1, bmi2, adx, evex, sha, fma

Memory: 4k page, system-wide physical 7975M (2032M free)
TotalPageFile size 32551M (AvailPageFile size 202M)
current process WorkingSet (physical memory assigned to process): 114M, peak: 114M
current process commit charge ("private bytes"): 237M, peak: 239M

vm_info: OpenJDK 64-Bit Server VM (11.0.13+0-b1751.21-8125866) for windows-amd64 JRE (11.0.13+0-b1751.21-8125866), built on Feb  2 2022 03:00:22 by "builder" with MS VC++ 14.0 (VS2015)

END.
